<?xml version="1.0" encoding="UTF-8"?>
<testng-results ignored="0" total="1" passed="1" failed="0" skipped="0">
  <reporter-output>
  </reporter-output>
  <suite started-at="2021-03-20T18:55:41 IST" name="Default suite" finished-at="2021-03-20T18:56:14 IST" duration-ms="33187">
    <groups>
    </groups>
    <test started-at="2021-03-20T18:55:41 IST" name="Default test" finished-at="2021-03-20T18:56:14 IST" duration-ms="33187">
      <class name="pages.TestGuru99Login">
        <test-method is-config="true" signature="setup()[pri:0, instance:pages.TestGuru99Login@272ed83b]" started-at="2021-03-20T18:55:41 IST" name="setup" finished-at="2021-03-20T18:56:13 IST" duration-ms="32560" status="PASS">
          <reporter-output>
          </reporter-output>
        </test-method> <!-- setup -->
        <test-method signature="test_Home_Page_Appear_Correct()[pri:0, instance:pages.TestGuru99Login@272ed83b]" started-at="2021-03-20T18:56:13 IST" name="test_Home_Page_Appear_Correct" finished-at="2021-03-20T18:56:14 IST" duration-ms="571" status="PASS">
          <reporter-output>
          </reporter-output>
        </test-method> <!-- test_Home_Page_Appear_Correct -->
      </class> <!-- pages.TestGuru99Login -->
    </test> <!-- Default test -->
  </suite> <!-- Default suite -->
</testng-results>
